<?xml version="1.0" encoding="UTF-8"?>
<testsuite name="hello.HelloControllerIT" tests="1" skipped="0" failures="0" errors="0" timestamp="2017-11-23T08:38:31" hostname="Berta" time="0.255">
  <properties/>
  <testcase name="getHello" classname="hello.HelloControllerIT" time="0.255"/>
  <system-out><![CDATA[09:38:24.881 [Test worker] DEBUG org.springframework.test.context.junit4.SpringJUnit4ClassRunner - SpringJUnit4ClassRunner constructor called with [class hello.HelloControllerIT]
09:38:24.889 [Test worker] DEBUG org.springframework.test.context.BootstrapUtils - Instantiating CacheAwareContextLoaderDelegate from class [org.springframework.test.context.cache.DefaultCacheAwareContextLoaderDelegate]
09:38:24.901 [Test worker] DEBUG org.springframework.test.context.BootstrapUtils - Instantiating BootstrapContext using constructor [public org.springframework.test.context.support.DefaultBootstrapContext(java.lang.Class,org.springframework.test.context.CacheAwareContextLoaderDelegate)]
09:38:24.919 [Test worker] DEBUG org.springframework.test.context.BootstrapUtils - Instantiating TestContextBootstrapper for test class [hello.HelloControllerIT] from class [org.springframework.boot.test.context.SpringBootTestContextBootstrapper]
09:38:24.933 [Test worker] INFO org.springframework.boot.test.context.SpringBootTestContextBootstrapper - Neither @ContextConfiguration nor @ContextHierarchy found for test class [hello.HelloControllerIT], using SpringBootContextLoader
09:38:24.937 [Test worker] DEBUG org.springframework.test.context.support.AbstractContextLoader - Did not detect default resource location for test class [hello.HelloControllerIT]: class path resource [hello/HelloControllerIT-context.xml] does not exist
09:38:24.937 [Test worker] DEBUG org.springframework.test.context.support.AbstractContextLoader - Did not detect default resource location for test class [hello.HelloControllerIT]: class path resource [hello/HelloControllerITContext.groovy] does not exist
09:38:24.938 [Test worker] INFO org.springframework.test.context.support.AbstractContextLoader - Could not detect default resource locations for test class [hello.HelloControllerIT]: no resource found for suffixes {-context.xml, Context.groovy}.
09:38:24.939 [Test worker] INFO org.springframework.test.context.support.AnnotationConfigContextLoaderUtils - Could not detect default configuration classes for test class [hello.HelloControllerIT]: HelloControllerIT does not declare any static, non-private, non-final, nested classes annotated with @Configuration.
09:38:24.984 [Test worker] DEBUG org.springframework.test.context.support.ActiveProfilesUtils - Could not find an 'annotation declaring class' for annotation type [org.springframework.test.context.ActiveProfiles] and class [hello.HelloControllerIT]
09:38:24.995 [Test worker] DEBUG org.springframework.core.env.StandardEnvironment - Adding PropertySource 'systemProperties' with lowest search precedence
09:38:24.996 [Test worker] DEBUG org.springframework.core.env.StandardEnvironment - Adding PropertySource 'systemEnvironment' with lowest search precedence
09:38:24.996 [Test worker] DEBUG org.springframework.core.env.StandardEnvironment - Initialized StandardEnvironment with PropertySources [MapPropertySource@2065393219 {name='systemProperties', properties={java.runtime.name=Java(TM) SE Runtime Environment, sun.boot.library.path=C:\Program Files\Java\jdk1.8.0_91\jre\bin, java.vm.version=25.91-b15, java.vm.vendor=Oracle Corporation, java.vendor.url=http://java.oracle.com/, path.separator=;, java.vm.name=Java HotSpot(TM) 64-Bit Server VM, file.encoding.pkg=sun.io, user.script=, sun.java.launcher=SUN_STANDARD, user.country=DE, sun.os.patch.level=, java.vm.specification.name=Java Virtual Machine Specification, user.dir=C:\Users\Nicolas\Desktop\SpringBootAppDemo\gs-spring-boot\complete, java.runtime.version=1.8.0_91-b15, java.awt.graphicsenv=sun.awt.Win32GraphicsEnvironment, java.endorsed.dirs=C:\Program Files\Java\jdk1.8.0_91\jre\lib\endorsed, os.arch=amd64, java.io.tmpdir=C:\Users\Nicolas\AppData\Local\Temp\, line.separator=
, java.vm.specification.vendor=Oracle Corporation, user.variant=, os.name=Windows 8.1, sun.jnu.encoding=Cp1252, java.library.path=C:\Program Files\Java\jdk1.8.0_91\bin;C:\WINDOWS\Sun\Java\bin;C:\WINDOWS\system32;C:\WINDOWS;C:\Program Files\Java\jre1.8.0_91\bin;C:\Program Files (x86)\NVIDIA Corporation\PhysX\Common;C:\ProgramData\Oracle\Java\javapath;C:\Program Files (x86)\Intel\iCLS Client\;C:\Program Files\Intel\iCLS Client\;C:\WINDOWS\system32;C:\WINDOWS;C:\WINDOWS\System32\Wbem;C:\WINDOWS\System32\WindowsPowerShell\v1.0\;C:\Program Files\Intel\Intel(R) Management Engine Components\DAL;C:\Program Files\Intel\Intel(R) Management Engine Components\IPT;C:\Program Files (x86)\Intel\Intel(R) Management Engine Components\DAL;C:\Program Files (x86)\Intel\Intel(R) Management Engine Components\IPT;C:\Program Files\Intel\WiFi\bin\;C:\Program Files\Common Files\Intel\WirelessCommon\;C:\Program Files\Microsoft\Web Platform Installer\;C:\Program Files\Microsoft SQL Server\110\Tools\Binn\;C:\Program Files\Microsoft SQL Server\120\Tools\Binn\;C:\Program Files\Java\jdk1.8.0_91\bin;C:\Program Files\Java\jre1.8.0_91;C:\apache-maven-3.3.9\bin;C:\Program Files\Git\cmd;C:\Program Files\nodejs\;C:\Program Files (x86)\Calibre2\;C:\Program Files (x86)\Skype\Phone\;C:\Users\Nicolas\Desktop\Allianz\maven\apache-maven-3.5.0\bin;C:\apache-maven-3.3.9\bin;C:\Program Files\PuTTY\;C:\Program Files\IDM Computer Solutions\UltraCompare;C:\Program Files\Cloud Foundry;C:\Program Files\MongoDB\Server\3.4\bin;C:\Users\Nicolas\AppData\Roaming\npm;C:\Program Files\Heroku\bin;., java.specification.name=Java Platform API Specification, java.class.version=52.0, sun.management.compiler=HotSpot 64-Bit Tiered Compilers, os.version=6.3, user.home=C:\Users\Nicolas, user.timezone=Europe/Berlin, java.awt.printerjob=sun.awt.windows.WPrinterJob, file.encoding=windows-1252, java.specification.version=1.8, java.class.path=C:\Users\Nicolas\Desktop\SpringBootAppDemo\gs-spring-boot\complete\build\classes\test;C:\Users\Nicolas\Desktop\SpringBootAppDemo\gs-spring-boot\complete\build\resources\test;C:\Users\Nicolas\Desktop\SpringBootAppDemo\gs-spring-boot\complete\build\classes\main;C:\Users\Nicolas\Desktop\SpringBootAppDemo\gs-spring-boot\complete\build\resources\main;C:\Users\Nicolas\.gradle\caches\modules-2\files-2.1\org.springframework.boot\spring-boot-starter-web\1.5.7.RELEASE\a862305be8b7512a41f6768d825ed37251ccbbe0\spring-boot-starter-web-1.5.7.RELEASE.jar;C:\Users\Nicolas\.gradle\caches\modules-2\files-2.1\org.springframework.boot\spring-boot-starter-actuator\1.5.7.RELEASE\c8058080955524edbbacda602f25d1c5fdf2a3a9\spring-boot-starter-actuator-1.5.7.RELEASE.jar;C:\Users\Nicolas\.gradle\caches\modules-2\files-2.1\org.springframework.boot\spring-boot-starter-test\1.5.7.RELEASE\d23f37a72c2d4e46aba66bc69a649213f9cadeee\spring-boot-starter-test-1.5.7.RELEASE.jar;C:\Users\Nicolas\.gradle\caches\modules-2\files-2.1\org.springframework.boot\spring-boot-starter\1.5.7.RELEASE\b42fe6962dd8b3be4ac8c1d7134d0ca2d0a35c7e\spring-boot-starter-1.5.7.RELEASE.jar;C:\Users\Nicolas\.gradle\caches\modules-2\files-2.1\org.springframework.boot\spring-boot-starter-tomcat\1.5.7.RELEASE\eae533e2a0111a51d812912acb3d3e2368736d1b\spring-boot-starter-tomcat-1.5.7.RELEASE.jar;C:\Users\Nicolas\.gradle\caches\modules-2\files-2.1\org.hibernate\hibernate-validator\5.3.5.Final\622a9bcef2eed6d41b5b8e0662c36212009e375\hibernate-validator-5.3.5.Final.jar;C:\Users\Nicolas\.gradle\caches\modules-2\files-2.1\com.fasterxml.jackson.core\jackson-databind\2.8.10\f7b83cb2bc4b88d53961e749e1ad32f49ef017b7\jackson-databind-2.8.10.jar;C:\Users\Nicolas\.gradle\caches\modules-2\files-2.1\org.springframework\spring-web\4.3.11.RELEASE\50a3dfce550bdf9459dfb2c6282aa104b040258e\spring-web-4.3.11.RELEASE.jar;C:\Users\Nicolas\.gradle\caches\modules-2\files-2.1\org.springframework\spring-webmvc\4.3.11.RELEASE\814f91ec4dc324e724bbe7cbc5045b234604c539\spring-webmvc-4.3.11.RELEASE.jar;C:\Users\Nicolas\.gradle\caches\modules-2\files-2.1\org.springframework.boot\spring-boot-actuator\1.5.7.RELEASE\ff3124e2359be5e6c0d9cc501bf214413a329fee\spring-boot-actuator-1.5.7.RELEASE.jar;C:\Users\Nicolas\.gradle\caches\modules-2\files-2.1\org.springframework.boot\spring-boot-test\1.5.7.RELEASE\b8d77445d48f4320f404d8f13f4e5cb95bc36b30\spring-boot-test-1.5.7.RELEASE.jar;C:\Users\Nicolas\.gradle\caches\modules-2\files-2.1\org.springframework.boot\spring-boot-test-autoconfigure\1.5.7.RELEASE\8bead16b97c9f1b5fe7c47f3e030dd9351a6974d\spring-boot-test-autoconfigure-1.5.7.RELEASE.jar;C:\Users\Nicolas\.gradle\caches\modules-2\files-2.1\com.jayway.jsonpath\json-path\2.2.0\22290d17944bd239fabf5ac69005a60a7ecbbbcb\json-path-2.2.0.jar;C:\Users\Nicolas\.gradle\caches\modules-2\files-2.1\junit\junit\4.12\2973d150c0dc1fefe998f834810d68f278ea58ec\junit-4.12.jar;C:\Users\Nicolas\.gradle\caches\modules-2\files-2.1\org.assertj\assertj-core\2.6.0\b532c3fc4f66bcfee4989a3514f1cd56203a33ad\assertj-core-2.6.0.jar;C:\Users\Nicolas\.gradle\caches\modules-2\files-2.1\org.mockito\mockito-core\1.10.19\e8546f5bef4e061d8dd73895b4e8f40e3fe6effe\mockito-core-1.10.19.jar;C:\Users\Nicolas\.gradle\caches\modules-2\files-2.1\org.hamcrest\hamcrest-core\1.3\42a25dc3219429f0e5d060061f71acb49bf010a0\hamcrest-core-1.3.jar;C:\Users\Nicolas\.gradle\caches\modules-2\files-2.1\org.hamcrest\hamcrest-library\1.3\4785a3c21320980282f9f33d0d1264a69040538f\hamcrest-library-1.3.jar;C:\Users\Nicolas\.gradle\caches\modules-2\files-2.1\org.skyscreamer\jsonassert\1.4.0\9cdbb373a06f6513e51e8c545ee6a5e981463edb\jsonassert-1.4.0.jar;C:\Users\Nicolas\.gradle\caches\modules-2\files-2.1\org.springframework\spring-core\4.3.11.RELEASE\eb30ed093f628279d3aead068fd478fa343f1dad\spring-core-4.3.11.RELEASE.jar;C:\Users\Nicolas\.gradle\caches\modules-2\files-2.1\org.springframework\spring-test\4.3.11.RELEASE\cf765b5d6d6bdc38c67522ecae3fe9549da43e1\spring-test-4.3.11.RELEASE.jar;C:\Users\Nicolas\.gradle\caches\modules-2\files-2.1\org.springframework.boot\spring-boot\1.5.7.RELEASE\1006870df7b3dc203df7ce84463c5dd7049fdaa4\spring-boot-1.5.7.RELEASE.jar;C:\Users\Nicolas\.gradle\caches\modules-2\files-2.1\org.springframework.boot\spring-boot-autoconfigure\1.5.7.RELEASE\e83f1407ff991e9e7eb156f49fa19d868bb73289\spring-boot-autoconfigure-1.5.7.RELEASE.jar;C:\Users\Nicolas\.gradle\caches\modules-2\files-2.1\org.springframework.boot\spring-boot-starter-logging\1.5.7.RELEASE\c84c4ea09d7f789a0d5e936a961471e5dbd9295e\spring-boot-starter-logging-1.5.7.RELEASE.jar;C:\Users\Nicolas\.gradle\caches\modules-2\files-2.1\org.yaml\snakeyaml\1.17\7a27ea250c5130b2922b86dea63cbb1cc10a660c\snakeyaml-1.17.jar;C:\Users\Nicolas\.gradle\caches\modules-2\files-2.1\org.apache.tomcat.embed\tomcat-embed-core\8.5.20\b9026ee20f1f6a2b0fc3e51dd806d800901448b0\tomcat-embed-core-8.5.20.jar;C:\Users\Nicolas\.gradle\caches\modules-2\files-2.1\org.apache.tomcat.embed\tomcat-embed-el\8.5.20\42960f481a8a80f4ffd3b865c2232820e3565bf1\tomcat-embed-el-8.5.20.jar;C:\Users\Nicolas\.gradle\caches\modules-2\files-2.1\org.apache.tomcat.embed\tomcat-embed-websocket\8.5.20\4df9055507926a2651f691cc9964c50493a0ab29\tomcat-embed-websocket-8.5.20.jar;C:\Users\Nicolas\.gradle\caches\modules-2\files-2.1\javax.validation\validation-api\1.1.0.Final\8613ae82954779d518631e05daa73a6a954817d5\validation-api-1.1.0.Final.jar;C:\Users\Nicolas\.gradle\caches\modules-2\files-2.1\org.jboss.logging\jboss-logging\3.3.1.Final\c46217ab74b532568c0ed31dc599db3048bd1b67\jboss-logging-3.3.1.Final.jar;C:\Users\Nicolas\.gradle\caches\modules-2\files-2.1\com.fasterxml\classmate\1.3.4\3d5f48f10bbe4eb7bd862f10c0583be2e0053c6\classmate-1.3.4.jar;C:\Users\Nicolas\.gradle\caches\modules-2\files-2.1\com.fasterxml.jackson.core\jackson-annotations\2.8.0\45b426f7796b741035581a176744d91090e2e6fb\jackson-annotations-2.8.0.jar;C:\Users\Nicolas\.gradle\caches\modules-2\files-2.1\com.fasterxml.jackson.core\jackson-core\2.8.10\eb21a035c66ad307e66ec8fce37f5d50fd62d039\jackson-core-2.8.10.jar;C:\Users\Nicolas\.gradle\caches\modules-2\files-2.1\org.springframework\spring-aop\4.3.11.RELEASE\461d0bb58f1de30203d9331adf4b51de9554de5a\spring-aop-4.3.11.RELEASE.jar;C:\Users\Nicolas\.gradle\caches\modules-2\files-2.1\org.springframework\spring-beans\4.3.11.RELEASE\591cc35fd39292adae13f01aa13e978d0bb11936\spring-beans-4.3.11.RELEASE.jar;C:\Users\Nicolas\.gradle\caches\modules-2\files-2.1\org.springframework\spring-context\4.3.11.RELEASE\3efec2d7c7469d49108a2b21c3f15831f7297569\spring-context-4.3.11.RELEASE.jar;C:\Users\Nicolas\.gradle\caches\modules-2\files-2.1\org.springframework\spring-expression\4.3.11.RELEASE\fca662a2fccdad90ec22b2aaecb021047dcbe249\spring-expression-4.3.11.RELEASE.jar;C:\Users\Nicolas\.gradle\caches\modules-2\files-2.1\net.minidev\json-smart\2.2.1\5b9e5df7a62d1279b70dc882b041d249c4f0b002\json-smart-2.2.1.jar;C:\Users\Nicolas\.gradle\caches\modules-2\files-2.1\org.slf4j\slf4j-api\1.7.25\da76ca59f6a57ee3102f8f9bd9cee742973efa8a\slf4j-api-1.7.25.jar;C:\Users\Nicolas\.gradle\caches\modules-2\files-2.1\org.objenesis\objenesis\2.1\87c0ea803b69252868d09308b4618f766f135a96\objenesis-2.1.jar;C:\Users\Nicolas\.gradle\caches\modules-2\files-2.1\com.vaadin.external.google\android-json\0.0.20131108.vaadin1\fa26d351fe62a6a17f5cda1287c1c6110dec413f\android-json-0.0.20131108.vaadin1.jar;C:\Users\Nicolas\.gradle\caches\modules-2\files-2.1\ch.qos.logback\logback-classic\1.1.11\ccedfbacef4a6515d2983e3f89ed753d5d4fb665\logback-classic-1.1.11.jar;C:\Users\Nicolas\.gradle\caches\modules-2\files-2.1\org.slf4j\jcl-over-slf4j\1.7.25\f8c32b13ff142a513eeb5b6330b1588dcb2c0461\jcl-over-slf4j-1.7.25.jar;C:\Users\Nicolas\.gradle\caches\modules-2\files-2.1\org.slf4j\jul-to-slf4j\1.7.25\af5364cd6679bfffb114f0dec8a157aaa283b76\jul-to-slf4j-1.7.25.jar;C:\Users\Nicolas\.gradle\caches\modules-2\files-2.1\org.slf4j\log4j-over-slf4j\1.7.25\a87bb47468f47ee7aabbd54f93e133d4215769c3\log4j-over-slf4j-1.7.25.jar;C:\Users\Nicolas\.gradle\caches\modules-2\files-2.1\net.minidev\accessors-smart\1.1\a527213f2fea112a04c9bdf0ec0264e34104cd08\accessors-smart-1.1.jar;C:\Users\Nicolas\.gradle\caches\modules-2\files-2.1\ch.qos.logback\logback-core\1.1.11\88b8df40340eed549fb07e2613879bf6b006704d\logback-core-1.1.11.jar;C:\Users\Nicolas\.gradle\caches\modules-2\files-2.1\org.ow2.asm\asm\5.0.3\dcc2193db20e19e1feca8b1240dbbc4e190824fa\asm-5.0.3.jar, user.name=Nicolas, java.vm.specification.version=1.8, sun.java.command=jarjar.org.gradle.process.internal.launcher.GradleWorkerMain 'Gradle Test Executor 1', java.home=C:\Program Files\Java\jdk1.8.0_91\jre, sun.arch.data.model=64, user.language=de, java.specification.vendor=Oracle Corporation, awt.toolkit=sun.awt.windows.WToolkit, java.vm.info=mixed mode, java.version=1.8.0_91, java.ext.dirs=C:\Program Files\Java\jdk1.8.0_91\jre\lib\ext;C:\WINDOWS\Sun\Java\lib\ext, sun.boot.class.path=C:\Program Files\Java\jdk1.8.0_91\jre\lib\resources.jar;C:\Program Files\Java\jdk1.8.0_91\jre\lib\rt.jar;C:\Program Files\Java\jdk1.8.0_91\jre\lib\sunrsasign.jar;C:\Program Files\Java\jdk1.8.0_91\jre\lib\jsse.jar;C:\Program Files\Java\jdk1.8.0_91\jre\lib\jce.jar;C:\Program Files\Java\jdk1.8.0_91\jre\lib\charsets.jar;C:\Program Files\Java\jdk1.8.0_91\jre\lib\jfr.jar;C:\Program Files\Java\jdk1.8.0_91\jre\classes, java.vendor=Oracle Corporation, org.gradle.test.worker=1, file.separator=\, java.vendor.url.bug=http://bugreport.sun.com/bugreport/, sun.io.unicode.encoding=UnicodeLittle, sun.cpu.endian=little, sun.desktop=windows, sun.cpu.isalist=amd64}}, SystemEnvironmentPropertySource@1038809119 {name='systemEnvironment', properties={configsetroot=C:\WINDOWS\ConfigSetRoot, USERDOMAIN_ROAMINGPROFILE=BERTA, PROCESSOR_LEVEL=6, FP_NO_HOST_CHECK=NO, M2=C:\apache-maven-3.3.9\bin, VS140COMNTOOLS=C:\Program Files (x86)\Microsoft Visual Studio 14.0\Common7\Tools\, SESSIONNAME=Console, ALLUSERSPROFILE=C:\ProgramData, PROCESSOR_ARCHITECTURE=AMD64, PSModulePath=C:\WINDOWS\system32\WindowsPowerShell\v1.0\Modules\, SystemDrive=C:, =ExitCode=00000000, DIRNAME=C:\Users\Nicolas\Desktop\SpringBootAppDemo\gs-spring-boot\complete\, USERNAME=Nicolas, CMD_LINE_ARGS=build, ProgramFiles(x86)=C:\Program Files (x86), APP_HOME=C:\Users\Nicolas\Desktop\SpringBootAppDemo\gs-spring-boot\complete\, PATHEXT=.COM;.EXE;.BAT;.CMD;.VBS;.VBE;.JS;.JSE;.WSF;.WSH;.MSC, ProgramData=C:\ProgramData, ProgramW6432=C:\Program Files, HOMEPATH=\Users\Nicolas, PROCESSOR_IDENTIFIER=Intel64 Family 6 Model 69 Stepping 1, GenuineIntel, M2_HOME=C:\apache-maven-3.3.9, ProgramFiles=C:\Program Files, PUBLIC=C:\Users\Public, windir=C:\WINDOWS, =::=::\, _SKIP=2, LOCALAPPDATA=C:\Users\Nicolas\AppData\Local, USERDOMAIN=BERTA, LOGONSERVER=\\MicrosoftAccount, JAVA_HOME=C:\Program Files\Java\jdk1.8.0_91, PROMPT=$P$G, VS120COMNTOOLS=C:\Program Files (x86)\Microsoft Visual Studio 12.0\Common7\Tools\, =C:=C:\Users\Nicolas\Desktop\SpringBootAppDemo\gs-spring-boot\complete, APPDATA=C:\Users\Nicolas\AppData\Roaming, CLI_BINPATH=C:\Program Files\Heroku\bin\\heroku.cmd, JAVA_EXE=C:\Program Files\Java\jdk1.8.0_91/bin/java.exe, VBOX_MSI_INSTALL_PATH=C:\Program Files\Oracle\VirtualBox\, CommonProgramFiles=C:\Program Files\Common Files, Path=C:\Program Files\Java\jre1.8.0_91\bin;C:\Program Files (x86)\NVIDIA Corporation\PhysX\Common;C:\ProgramData\Oracle\Java\javapath;C:\Program Files (x86)\Intel\iCLS Client\;C:\Program Files\Intel\iCLS Client\;C:\WINDOWS\system32;C:\WINDOWS;C:\WINDOWS\System32\Wbem;C:\WINDOWS\System32\WindowsPowerShell\v1.0\;C:\Program Files\Intel\Intel(R) Management Engine Components\DAL;C:\Program Files\Intel\Intel(R) Management Engine Components\IPT;C:\Program Files (x86)\Intel\Intel(R) Management Engine Components\DAL;C:\Program Files (x86)\Intel\Intel(R) Management Engine Components\IPT;C:\Program Files\Intel\WiFi\bin\;C:\Program Files\Common Files\Intel\WirelessCommon\;C:\Program Files\Microsoft\Web Platform Installer\;C:\Program Files\Microsoft SQL Server\110\Tools\Binn\;C:\Program Files\Microsoft SQL Server\120\Tools\Binn\;C:\Program Files\Java\jdk1.8.0_91\bin;C:\Program Files\Java\jre1.8.0_91;C:\apache-maven-3.3.9\bin;C:\Program Files\Git\cmd;C:\Program Files\nodejs\;C:\Program Files (x86)\Calibre2\;C:\Program Files (x86)\Skype\Phone\;C:\Users\Nicolas\Desktop\Allianz\maven\apache-maven-3.5.0\bin;C:\apache-maven-3.3.9\bin;C:\Program Files\PuTTY\;C:\Program Files\IDM Computer Solutions\UltraCompare;C:\Program Files\Cloud Foundry;C:\Program Files\MongoDB\Server\3.4\bin;C:\Users\Nicolas\AppData\Roaming\npm;C:\Program Files\Heroku\bin, OS=Windows_NT, COMPUTERNAME=BERTA, PROCESSOR_REVISION=4501, CLASSPATH=C:\Users\Nicolas\Desktop\SpringBootAppDemo\gs-spring-boot\complete\\gradle\wrapper\gradle-wrapper.jar, CommonProgramW6432=C:\Program Files\Common Files, ComSpec=C:\WINDOWS\system32\cmd.exe, APP_BASE_NAME=gradlew, MVEN_OPTS=-Xms256m -Xmx512m, SystemRoot=C:\WINDOWS, TEMP=C:\Users\Nicolas\AppData\Local\Temp, HOMEDRIVE=C:, USERPROFILE=C:\Users\Nicolas, TMP=C:\Users\Nicolas\AppData\Local\Temp, VS110COMNTOOLS=C:\Program Files (x86)\Microsoft Visual Studio 11.0\Common7\Tools\, CommonProgramFiles(x86)=C:\Program Files (x86)\Common Files, NUMBER_OF_PROCESSORS=4}}]
09:38:25.014 [Test worker] DEBUG org.springframework.core.io.support.PathMatchingResourcePatternResolver - Resolved classpath location [hello/] to resources [URL [file:/C:/Users/Nicolas/Desktop/SpringBootAppDemo/gs-spring-boot/complete/build/classes/test/hello/], URL [file:/C:/Users/Nicolas/Desktop/SpringBootAppDemo/gs-spring-boot/complete/build/classes/main/hello/]]
09:38:25.015 [Test worker] DEBUG org.springframework.core.io.support.PathMatchingResourcePatternResolver - Looking for matching resources in directory tree [C:\Users\Nicolas\Desktop\SpringBootAppDemo\gs-spring-boot\complete\build\classes\test\hello]
09:38:25.015 [Test worker] DEBUG org.springframework.core.io.support.PathMatchingResourcePatternResolver - Searching directory [C:\Users\Nicolas\Desktop\SpringBootAppDemo\gs-spring-boot\complete\build\classes\test\hello] for files matching pattern [C:/Users/Nicolas/Desktop/SpringBootAppDemo/gs-spring-boot/complete/build/classes/test/hello/*.class]
09:38:25.020 [Test worker] DEBUG org.springframework.core.io.support.PathMatchingResourcePatternResolver - Looking for matching resources in directory tree [C:\Users\Nicolas\Desktop\SpringBootAppDemo\gs-spring-boot\complete\build\classes\main\hello]
09:38:25.020 [Test worker] DEBUG org.springframework.core.io.support.PathMatchingResourcePatternResolver - Searching directory [C:\Users\Nicolas\Desktop\SpringBootAppDemo\gs-spring-boot\complete\build\classes\main\hello] for files matching pattern [C:/Users/Nicolas/Desktop/SpringBootAppDemo/gs-spring-boot/complete/build/classes/main/hello/*.class]
09:38:25.021 [Test worker] DEBUG org.springframework.core.io.support.PathMatchingResourcePatternResolver - Resolved location pattern [classpath*:hello/*.class] to resources [file [C:\Users\Nicolas\Desktop\SpringBootAppDemo\gs-spring-boot\complete\build\classes\test\hello\HelloControllerIT.class], file [C:\Users\Nicolas\Desktop\SpringBootAppDemo\gs-spring-boot\complete\build\classes\test\hello\HelloControllerTest.class], file [C:\Users\Nicolas\Desktop\SpringBootAppDemo\gs-spring-boot\complete\build\classes\main\hello\Application.class], file [C:\Users\Nicolas\Desktop\SpringBootAppDemo\gs-spring-boot\complete\build\classes\main\hello\HelloController.class]]
09:38:25.088 [Test worker] DEBUG org.springframework.context.annotation.ClassPathScanningCandidateComponentProvider - Identified candidate component class: file [C:\Users\Nicolas\Desktop\SpringBootAppDemo\gs-spring-boot\complete\build\classes\main\hello\Application.class]
09:38:25.097 [Test worker] INFO org.springframework.boot.test.context.SpringBootTestContextBootstrapper - Found @SpringBootConfiguration hello.Application for test class hello.HelloControllerIT
09:38:25.099 [Test worker] DEBUG org.springframework.boot.test.context.SpringBootTestContextBootstrapper - @TestExecutionListeners is not present for class [hello.HelloControllerIT]: using defaults.
09:38:25.103 [Test worker] INFO org.springframework.boot.test.context.SpringBootTestContextBootstrapper - Loaded default TestExecutionListener class names from location [META-INF/spring.factories]: [org.springframework.boot.test.mock.mockito.MockitoTestExecutionListener, org.springframework.boot.test.mock.mockito.ResetMocksTestExecutionListener, org.springframework.boot.test.autoconfigure.restdocs.RestDocsTestExecutionListener, org.springframework.boot.test.autoconfigure.web.client.MockRestServiceServerResetTestExecutionListener, org.springframework.boot.test.autoconfigure.web.servlet.MockMvcPrintOnlyOnFailureTestExecutionListener, org.springframework.boot.test.autoconfigure.web.servlet.WebDriverTestExecutionListener, org.springframework.test.context.web.ServletTestExecutionListener, org.springframework.test.context.support.DirtiesContextBeforeModesTestExecutionListener, org.springframework.test.context.support.DependencyInjectionTestExecutionListener, org.springframework.test.context.support.DirtiesContextTestExecutionListener, org.springframework.test.context.transaction.TransactionalTestExecutionListener, org.springframework.test.context.jdbc.SqlScriptsTestExecutionListener]
09:38:25.112 [Test worker] INFO org.springframework.boot.test.context.SpringBootTestContextBootstrapper - Could not instantiate TestExecutionListener [org.springframework.test.context.jdbc.SqlScriptsTestExecutionListener]. Specify custom listener classes or make the default listener classes (and their required dependencies) available. Offending class: [org/springframework/transaction/interceptor/TransactionAttribute]
09:38:25.115 [Test worker] INFO org.springframework.boot.test.context.SpringBootTestContextBootstrapper - Could not instantiate TestExecutionListener [org.springframework.test.context.transaction.TransactionalTestExecutionListener]. Specify custom listener classes or make the default listener classes (and their required dependencies) available. Offending class: [org/springframework/transaction/interceptor/TransactionAttributeSource]
09:38:25.117 [Test worker] INFO org.springframework.boot.test.context.SpringBootTestContextBootstrapper - Using TestExecutionListeners: [org.springframework.test.context.web.ServletTestExecutionListener@76f66d3d, org.springframework.test.context.support.DirtiesContextBeforeModesTestExecutionListener@1a20d94e, org.springframework.boot.test.autoconfigure.SpringBootDependencyInjectionTestExecutionListener@567f9c3c, org.springframework.test.context.support.DirtiesContextTestExecutionListener@78489d7c, org.springframework.boot.test.mock.mockito.ResetMocksTestExecutionListener@3d9288cd, org.springframework.boot.test.mock.mockito.MockitoTestExecutionListener@21e4cc98, org.springframework.boot.test.autoconfigure.web.client.MockRestServiceServerResetTestExecutionListener@b503ae4, org.springframework.boot.test.autoconfigure.web.servlet.WebDriverTestExecutionListener@37cff58f, org.springframework.boot.test.autoconfigure.restdocs.RestDocsTestExecutionListener@1eb2d75b, org.springframework.boot.test.autoconfigure.web.servlet.MockMvcPrintOnlyOnFailureTestExecutionListener@19b55819]
09:38:25.121 [Test worker] DEBUG org.springframework.test.annotation.ProfileValueUtils - Retrieved @ProfileValueSourceConfiguration [null] for test class [hello.HelloControllerIT]
09:38:25.121 [Test worker] DEBUG org.springframework.test.annotation.ProfileValueUtils - Retrieved ProfileValueSource type [class org.springframework.test.annotation.SystemProfileValueSource] for class [hello.HelloControllerIT]
09:38:25.122 [Test worker] DEBUG org.springframework.test.annotation.ProfileValueUtils - Retrieved @ProfileValueSourceConfiguration [null] for test class [hello.HelloControllerIT]
09:38:25.122 [Test worker] DEBUG org.springframework.test.annotation.ProfileValueUtils - Retrieved ProfileValueSource type [class org.springframework.test.annotation.SystemProfileValueSource] for class [hello.HelloControllerIT]
09:38:25.126 [Test worker] DEBUG org.springframework.test.context.support.AbstractDirtiesContextTestExecutionListener - Before test class: context [DefaultTestContext@795147cd testClass = HelloControllerIT, testInstance = [null], testMethod = [null], testException = [null], mergedContextConfiguration = [WebMergedContextConfiguration@4d7dd46 testClass = HelloControllerIT, locations = '{}', classes = '{class hello.Application}', contextInitializerClasses = '[]', activeProfiles = '{}', propertySourceLocations = '{}', propertySourceProperties = '{org.springframework.boot.test.context.SpringBootTestContextBootstrapper=true, server.port=0}', contextCustomizers = set[org.springframework.boot.test.context.SpringBootTestContextCustomizer@2ac50825, org.springframework.boot.test.context.filter.ExcludeFilterContextCustomizer@147a4611, org.springframework.boot.test.json.DuplicateJsonObjectContextCustomizerFactory$DuplicateJsonObjectContextCustomizer@5b3affa0, org.springframework.boot.test.mock.mockito.MockitoContextCustomizer@0, org.springframework.boot.test.autoconfigure.properties.PropertyMappingContextCustomizer@0, org.springframework.boot.test.autoconfigure.web.servlet.WebDriverContextCustomizerFactory$Customizer@6dcc674c], resourceBasePath = 'src/main/webapp', contextLoader = 'org.springframework.boot.test.context.SpringBootContextLoader', parent = [null]]], class annotated with @DirtiesContext [false] with mode [null].
09:38:25.127 [Test worker] DEBUG org.springframework.test.annotation.ProfileValueUtils - Retrieved @ProfileValueSourceConfiguration [null] for test class [hello.HelloControllerIT]
09:38:25.127 [Test worker] DEBUG org.springframework.test.annotation.ProfileValueUtils - Retrieved ProfileValueSource type [class org.springframework.test.annotation.SystemProfileValueSource] for class [hello.HelloControllerIT]
09:38:25.128 [Test worker] DEBUG org.springframework.test.context.support.DependencyInjectionTestExecutionListener - Performing dependency injection for test context [[DefaultTestContext@795147cd testClass = HelloControllerIT, testInstance = hello.HelloControllerIT@f5315ac, testMethod = [null], testException = [null], mergedContextConfiguration = [WebMergedContextConfiguration@4d7dd46 testClass = HelloControllerIT, locations = '{}', classes = '{class hello.Application}', contextInitializerClasses = '[]', activeProfiles = '{}', propertySourceLocations = '{}', propertySourceProperties = '{org.springframework.boot.test.context.SpringBootTestContextBootstrapper=true, server.port=0}', contextCustomizers = set[org.springframework.boot.test.context.SpringBootTestContextCustomizer@2ac50825, org.springframework.boot.test.context.filter.ExcludeFilterContextCustomizer@147a4611, org.springframework.boot.test.json.DuplicateJsonObjectContextCustomizerFactory$DuplicateJsonObjectContextCustomizer@5b3affa0, org.springframework.boot.test.mock.mockito.MockitoContextCustomizer@0, org.springframework.boot.test.autoconfigure.properties.PropertyMappingContextCustomizer@0, org.springframework.boot.test.autoconfigure.web.servlet.WebDriverContextCustomizerFactory$Customizer@6dcc674c], resourceBasePath = 'src/main/webapp', contextLoader = 'org.springframework.boot.test.context.SpringBootContextLoader', parent = [null]]]].
09:38:25.195 [Test worker] DEBUG org.springframework.core.env.StandardEnvironment - Adding PropertySource 'systemProperties' with lowest search precedence
09:38:25.195 [Test worker] DEBUG org.springframework.core.env.StandardEnvironment - Adding PropertySource 'systemEnvironment' with lowest search precedence
09:38:25.195 [Test worker] DEBUG org.springframework.core.env.StandardEnvironment - Initialized StandardEnvironment with PropertySources [MapPropertySource@1239649450 {name='systemProperties', properties={java.runtime.name=Java(TM) SE Runtime Environment, sun.boot.library.path=C:\Program Files\Java\jdk1.8.0_91\jre\bin, java.vm.version=25.91-b15, java.vm.vendor=Oracle Corporation, java.vendor.url=http://java.oracle.com/, path.separator=;, java.vm.name=Java HotSpot(TM) 64-Bit Server VM, file.encoding.pkg=sun.io, user.script=, sun.java.launcher=SUN_STANDARD, user.country=DE, sun.os.patch.level=, java.vm.specification.name=Java Virtual Machine Specification, user.dir=C:\Users\Nicolas\Desktop\SpringBootAppDemo\gs-spring-boot\complete, java.runtime.version=1.8.0_91-b15, java.awt.graphicsenv=sun.awt.Win32GraphicsEnvironment, java.endorsed.dirs=C:\Program Files\Java\jdk1.8.0_91\jre\lib\endorsed, os.arch=amd64, java.io.tmpdir=C:\Users\Nicolas\AppData\Local\Temp\, line.separator=
, java.vm.specification.vendor=Oracle Corporation, user.variant=, os.name=Windows 8.1, sun.jnu.encoding=Cp1252, java.library.path=C:\Program Files\Java\jdk1.8.0_91\bin;C:\WINDOWS\Sun\Java\bin;C:\WINDOWS\system32;C:\WINDOWS;C:\Program Files\Java\jre1.8.0_91\bin;C:\Program Files (x86)\NVIDIA Corporation\PhysX\Common;C:\ProgramData\Oracle\Java\javapath;C:\Program Files (x86)\Intel\iCLS Client\;C:\Program Files\Intel\iCLS Client\;C:\WINDOWS\system32;C:\WINDOWS;C:\WINDOWS\System32\Wbem;C:\WINDOWS\System32\WindowsPowerShell\v1.0\;C:\Program Files\Intel\Intel(R) Management Engine Components\DAL;C:\Program Files\Intel\Intel(R) Management Engine Components\IPT;C:\Program Files (x86)\Intel\Intel(R) Management Engine Components\DAL;C:\Program Files (x86)\Intel\Intel(R) Management Engine Components\IPT;C:\Program Files\Intel\WiFi\bin\;C:\Program Files\Common Files\Intel\WirelessCommon\;C:\Program Files\Microsoft\Web Platform Installer\;C:\Program Files\Microsoft SQL Server\110\Tools\Binn\;C:\Program Files\Microsoft SQL Server\120\Tools\Binn\;C:\Program Files\Java\jdk1.8.0_91\bin;C:\Program Files\Java\jre1.8.0_91;C:\apache-maven-3.3.9\bin;C:\Program Files\Git\cmd;C:\Program Files\nodejs\;C:\Program Files (x86)\Calibre2\;C:\Program Files (x86)\Skype\Phone\;C:\Users\Nicolas\Desktop\Allianz\maven\apache-maven-3.5.0\bin;C:\apache-maven-3.3.9\bin;C:\Program Files\PuTTY\;C:\Program Files\IDM Computer Solutions\UltraCompare;C:\Program Files\Cloud Foundry;C:\Program Files\MongoDB\Server\3.4\bin;C:\Users\Nicolas\AppData\Roaming\npm;C:\Program Files\Heroku\bin;., java.specification.name=Java Platform API Specification, java.class.version=52.0, sun.management.compiler=HotSpot 64-Bit Tiered Compilers, os.version=6.3, user.home=C:\Users\Nicolas, user.timezone=Europe/Berlin, java.awt.printerjob=sun.awt.windows.WPrinterJob, file.encoding=windows-1252, java.specification.version=1.8, java.class.path=C:\Users\Nicolas\Desktop\SpringBootAppDemo\gs-spring-boot\complete\build\classes\test;C:\Users\Nicolas\Desktop\SpringBootAppDemo\gs-spring-boot\complete\build\resources\test;C:\Users\Nicolas\Desktop\SpringBootAppDemo\gs-spring-boot\complete\build\classes\main;C:\Users\Nicolas\Desktop\SpringBootAppDemo\gs-spring-boot\complete\build\resources\main;C:\Users\Nicolas\.gradle\caches\modules-2\files-2.1\org.springframework.boot\spring-boot-starter-web\1.5.7.RELEASE\a862305be8b7512a41f6768d825ed37251ccbbe0\spring-boot-starter-web-1.5.7.RELEASE.jar;C:\Users\Nicolas\.gradle\caches\modules-2\files-2.1\org.springframework.boot\spring-boot-starter-actuator\1.5.7.RELEASE\c8058080955524edbbacda602f25d1c5fdf2a3a9\spring-boot-starter-actuator-1.5.7.RELEASE.jar;C:\Users\Nicolas\.gradle\caches\modules-2\files-2.1\org.springframework.boot\spring-boot-starter-test\1.5.7.RELEASE\d23f37a72c2d4e46aba66bc69a649213f9cadeee\spring-boot-starter-test-1.5.7.RELEASE.jar;C:\Users\Nicolas\.gradle\caches\modules-2\files-2.1\org.springframework.boot\spring-boot-starter\1.5.7.RELEASE\b42fe6962dd8b3be4ac8c1d7134d0ca2d0a35c7e\spring-boot-starter-1.5.7.RELEASE.jar;C:\Users\Nicolas\.gradle\caches\modules-2\files-2.1\org.springframework.boot\spring-boot-starter-tomcat\1.5.7.RELEASE\eae533e2a0111a51d812912acb3d3e2368736d1b\spring-boot-starter-tomcat-1.5.7.RELEASE.jar;C:\Users\Nicolas\.gradle\caches\modules-2\files-2.1\org.hibernate\hibernate-validator\5.3.5.Final\622a9bcef2eed6d41b5b8e0662c36212009e375\hibernate-validator-5.3.5.Final.jar;C:\Users\Nicolas\.gradle\caches\modules-2\files-2.1\com.fasterxml.jackson.core\jackson-databind\2.8.10\f7b83cb2bc4b88d53961e749e1ad32f49ef017b7\jackson-databind-2.8.10.jar;C:\Users\Nicolas\.gradle\caches\modules-2\files-2.1\org.springframework\spring-web\4.3.11.RELEASE\50a3dfce550bdf9459dfb2c6282aa104b040258e\spring-web-4.3.11.RELEASE.jar;C:\Users\Nicolas\.gradle\caches\modules-2\files-2.1\org.springframework\spring-webmvc\4.3.11.RELEASE\814f91ec4dc324e724bbe7cbc5045b234604c539\spring-webmvc-4.3.11.RELEASE.jar;C:\Users\Nicolas\.gradle\caches\modules-2\files-2.1\org.springframework.boot\spring-boot-actuator\1.5.7.RELEASE\ff3124e2359be5e6c0d9cc501bf214413a329fee\spring-boot-actuator-1.5.7.RELEASE.jar;C:\Users\Nicolas\.gradle\caches\modules-2\files-2.1\org.springframework.boot\spring-boot-test\1.5.7.RELEASE\b8d77445d48f4320f404d8f13f4e5cb95bc36b30\spring-boot-test-1.5.7.RELEASE.jar;C:\Users\Nicolas\.gradle\caches\modules-2\files-2.1\org.springframework.boot\spring-boot-test-autoconfigure\1.5.7.RELEASE\8bead16b97c9f1b5fe7c47f3e030dd9351a6974d\spring-boot-test-autoconfigure-1.5.7.RELEASE.jar;C:\Users\Nicolas\.gradle\caches\modules-2\files-2.1\com.jayway.jsonpath\json-path\2.2.0\22290d17944bd239fabf5ac69005a60a7ecbbbcb\json-path-2.2.0.jar;C:\Users\Nicolas\.gradle\caches\modules-2\files-2.1\junit\junit\4.12\2973d150c0dc1fefe998f834810d68f278ea58ec\junit-4.12.jar;C:\Users\Nicolas\.gradle\caches\modules-2\files-2.1\org.assertj\assertj-core\2.6.0\b532c3fc4f66bcfee4989a3514f1cd56203a33ad\assertj-core-2.6.0.jar;C:\Users\Nicolas\.gradle\caches\modules-2\files-2.1\org.mockito\mockito-core\1.10.19\e8546f5bef4e061d8dd73895b4e8f40e3fe6effe\mockito-core-1.10.19.jar;C:\Users\Nicolas\.gradle\caches\modules-2\files-2.1\org.hamcrest\hamcrest-core\1.3\42a25dc3219429f0e5d060061f71acb49bf010a0\hamcrest-core-1.3.jar;C:\Users\Nicolas\.gradle\caches\modules-2\files-2.1\org.hamcrest\hamcrest-library\1.3\4785a3c21320980282f9f33d0d1264a69040538f\hamcrest-library-1.3.jar;C:\Users\Nicolas\.gradle\caches\modules-2\files-2.1\org.skyscreamer\jsonassert\1.4.0\9cdbb373a06f6513e51e8c545ee6a5e981463edb\jsonassert-1.4.0.jar;C:\Users\Nicolas\.gradle\caches\modules-2\files-2.1\org.springframework\spring-core\4.3.11.RELEASE\eb30ed093f628279d3aead068fd478fa343f1dad\spring-core-4.3.11.RELEASE.jar;C:\Users\Nicolas\.gradle\caches\modules-2\files-2.1\org.springframework\spring-test\4.3.11.RELEASE\cf765b5d6d6bdc38c67522ecae3fe9549da43e1\spring-test-4.3.11.RELEASE.jar;C:\Users\Nicolas\.gradle\caches\modules-2\files-2.1\org.springframework.boot\spring-boot\1.5.7.RELEASE\1006870df7b3dc203df7ce84463c5dd7049fdaa4\spring-boot-1.5.7.RELEASE.jar;C:\Users\Nicolas\.gradle\caches\modules-2\files-2.1\org.springframework.boot\spring-boot-autoconfigure\1.5.7.RELEASE\e83f1407ff991e9e7eb156f49fa19d868bb73289\spring-boot-autoconfigure-1.5.7.RELEASE.jar;C:\Users\Nicolas\.gradle\caches\modules-2\files-2.1\org.springframework.boot\spring-boot-starter-logging\1.5.7.RELEASE\c84c4ea09d7f789a0d5e936a961471e5dbd9295e\spring-boot-starter-logging-1.5.7.RELEASE.jar;C:\Users\Nicolas\.gradle\caches\modules-2\files-2.1\org.yaml\snakeyaml\1.17\7a27ea250c5130b2922b86dea63cbb1cc10a660c\snakeyaml-1.17.jar;C:\Users\Nicolas\.gradle\caches\modules-2\files-2.1\org.apache.tomcat.embed\tomcat-embed-core\8.5.20\b9026ee20f1f6a2b0fc3e51dd806d800901448b0\tomcat-embed-core-8.5.20.jar;C:\Users\Nicolas\.gradle\caches\modules-2\files-2.1\org.apache.tomcat.embed\tomcat-embed-el\8.5.20\42960f481a8a80f4ffd3b865c2232820e3565bf1\tomcat-embed-el-8.5.20.jar;C:\Users\Nicolas\.gradle\caches\modules-2\files-2.1\org.apache.tomcat.embed\tomcat-embed-websocket\8.5.20\4df9055507926a2651f691cc9964c50493a0ab29\tomcat-embed-websocket-8.5.20.jar;C:\Users\Nicolas\.gradle\caches\modules-2\files-2.1\javax.validation\validation-api\1.1.0.Final\8613ae82954779d518631e05daa73a6a954817d5\validation-api-1.1.0.Final.jar;C:\Users\Nicolas\.gradle\caches\modules-2\files-2.1\org.jboss.logging\jboss-logging\3.3.1.Final\c46217ab74b532568c0ed31dc599db3048bd1b67\jboss-logging-3.3.1.Final.jar;C:\Users\Nicolas\.gradle\caches\modules-2\files-2.1\com.fasterxml\classmate\1.3.4\3d5f48f10bbe4eb7bd862f10c0583be2e0053c6\classmate-1.3.4.jar;C:\Users\Nicolas\.gradle\caches\modules-2\files-2.1\com.fasterxml.jackson.core\jackson-annotations\2.8.0\45b426f7796b741035581a176744d91090e2e6fb\jackson-annotations-2.8.0.jar;C:\Users\Nicolas\.gradle\caches\modules-2\files-2.1\com.fasterxml.jackson.core\jackson-core\2.8.10\eb21a035c66ad307e66ec8fce37f5d50fd62d039\jackson-core-2.8.10.jar;C:\Users\Nicolas\.gradle\caches\modules-2\files-2.1\org.springframework\spring-aop\4.3.11.RELEASE\461d0bb58f1de30203d9331adf4b51de9554de5a\spring-aop-4.3.11.RELEASE.jar;C:\Users\Nicolas\.gradle\caches\modules-2\files-2.1\org.springframework\spring-beans\4.3.11.RELEASE\591cc35fd39292adae13f01aa13e978d0bb11936\spring-beans-4.3.11.RELEASE.jar;C:\Users\Nicolas\.gradle\caches\modules-2\files-2.1\org.springframework\spring-context\4.3.11.RELEASE\3efec2d7c7469d49108a2b21c3f15831f7297569\spring-context-4.3.11.RELEASE.jar;C:\Users\Nicolas\.gradle\caches\modules-2\files-2.1\org.springframework\spring-expression\4.3.11.RELEASE\fca662a2fccdad90ec22b2aaecb021047dcbe249\spring-expression-4.3.11.RELEASE.jar;C:\Users\Nicolas\.gradle\caches\modules-2\files-2.1\net.minidev\json-smart\2.2.1\5b9e5df7a62d1279b70dc882b041d249c4f0b002\json-smart-2.2.1.jar;C:\Users\Nicolas\.gradle\caches\modules-2\files-2.1\org.slf4j\slf4j-api\1.7.25\da76ca59f6a57ee3102f8f9bd9cee742973efa8a\slf4j-api-1.7.25.jar;C:\Users\Nicolas\.gradle\caches\modules-2\files-2.1\org.objenesis\objenesis\2.1\87c0ea803b69252868d09308b4618f766f135a96\objenesis-2.1.jar;C:\Users\Nicolas\.gradle\caches\modules-2\files-2.1\com.vaadin.external.google\android-json\0.0.20131108.vaadin1\fa26d351fe62a6a17f5cda1287c1c6110dec413f\android-json-0.0.20131108.vaadin1.jar;C:\Users\Nicolas\.gradle\caches\modules-2\files-2.1\ch.qos.logback\logback-classic\1.1.11\ccedfbacef4a6515d2983e3f89ed753d5d4fb665\logback-classic-1.1.11.jar;C:\Users\Nicolas\.gradle\caches\modules-2\files-2.1\org.slf4j\jcl-over-slf4j\1.7.25\f8c32b13ff142a513eeb5b6330b1588dcb2c0461\jcl-over-slf4j-1.7.25.jar;C:\Users\Nicolas\.gradle\caches\modules-2\files-2.1\org.slf4j\jul-to-slf4j\1.7.25\af5364cd6679bfffb114f0dec8a157aaa283b76\jul-to-slf4j-1.7.25.jar;C:\Users\Nicolas\.gradle\caches\modules-2\files-2.1\org.slf4j\log4j-over-slf4j\1.7.25\a87bb47468f47ee7aabbd54f93e133d4215769c3\log4j-over-slf4j-1.7.25.jar;C:\Users\Nicolas\.gradle\caches\modules-2\files-2.1\net.minidev\accessors-smart\1.1\a527213f2fea112a04c9bdf0ec0264e34104cd08\accessors-smart-1.1.jar;C:\Users\Nicolas\.gradle\caches\modules-2\files-2.1\ch.qos.logback\logback-core\1.1.11\88b8df40340eed549fb07e2613879bf6b006704d\logback-core-1.1.11.jar;C:\Users\Nicolas\.gradle\caches\modules-2\files-2.1\org.ow2.asm\asm\5.0.3\dcc2193db20e19e1feca8b1240dbbc4e190824fa\asm-5.0.3.jar, user.name=Nicolas, java.vm.specification.version=1.8, sun.java.command=jarjar.org.gradle.process.internal.launcher.GradleWorkerMain 'Gradle Test Executor 1', java.home=C:\Program Files\Java\jdk1.8.0_91\jre, sun.arch.data.model=64, user.language=de, java.specification.vendor=Oracle Corporation, awt.toolkit=sun.awt.windows.WToolkit, java.vm.info=mixed mode, java.version=1.8.0_91, java.ext.dirs=C:\Program Files\Java\jdk1.8.0_91\jre\lib\ext;C:\WINDOWS\Sun\Java\lib\ext, sun.boot.class.path=C:\Program Files\Java\jdk1.8.0_91\jre\lib\resources.jar;C:\Program Files\Java\jdk1.8.0_91\jre\lib\rt.jar;C:\Program Files\Java\jdk1.8.0_91\jre\lib\sunrsasign.jar;C:\Program Files\Java\jdk1.8.0_91\jre\lib\jsse.jar;C:\Program Files\Java\jdk1.8.0_91\jre\lib\jce.jar;C:\Program Files\Java\jdk1.8.0_91\jre\lib\charsets.jar;C:\Program Files\Java\jdk1.8.0_91\jre\lib\jfr.jar;C:\Program Files\Java\jdk1.8.0_91\jre\classes, java.vendor=Oracle Corporation, org.gradle.test.worker=1, file.separator=\, java.vendor.url.bug=http://bugreport.sun.com/bugreport/, sun.io.unicode.encoding=UnicodeLittle, sun.cpu.endian=little, sun.desktop=windows, sun.cpu.isalist=amd64}}, SystemEnvironmentPropertySource@21265971 {name='systemEnvironment', properties={configsetroot=C:\WINDOWS\ConfigSetRoot, USERDOMAIN_ROAMINGPROFILE=BERTA, PROCESSOR_LEVEL=6, FP_NO_HOST_CHECK=NO, M2=C:\apache-maven-3.3.9\bin, VS140COMNTOOLS=C:\Program Files (x86)\Microsoft Visual Studio 14.0\Common7\Tools\, SESSIONNAME=Console, ALLUSERSPROFILE=C:\ProgramData, PROCESSOR_ARCHITECTURE=AMD64, PSModulePath=C:\WINDOWS\system32\WindowsPowerShell\v1.0\Modules\, SystemDrive=C:, =ExitCode=00000000, DIRNAME=C:\Users\Nicolas\Desktop\SpringBootAppDemo\gs-spring-boot\complete\, USERNAME=Nicolas, CMD_LINE_ARGS=build, ProgramFiles(x86)=C:\Program Files (x86), APP_HOME=C:\Users\Nicolas\Desktop\SpringBootAppDemo\gs-spring-boot\complete\, PATHEXT=.COM;.EXE;.BAT;.CMD;.VBS;.VBE;.JS;.JSE;.WSF;.WSH;.MSC, ProgramData=C:\ProgramData, ProgramW6432=C:\Program Files, HOMEPATH=\Users\Nicolas, PROCESSOR_IDENTIFIER=Intel64 Family 6 Model 69 Stepping 1, GenuineIntel, M2_HOME=C:\apache-maven-3.3.9, ProgramFiles=C:\Program Files, PUBLIC=C:\Users\Public, windir=C:\WINDOWS, =::=::\, _SKIP=2, LOCALAPPDATA=C:\Users\Nicolas\AppData\Local, USERDOMAIN=BERTA, LOGONSERVER=\\MicrosoftAccount, JAVA_HOME=C:\Program Files\Java\jdk1.8.0_91, PROMPT=$P$G, VS120COMNTOOLS=C:\Program Files (x86)\Microsoft Visual Studio 12.0\Common7\Tools\, =C:=C:\Users\Nicolas\Desktop\SpringBootAppDemo\gs-spring-boot\complete, APPDATA=C:\Users\Nicolas\AppData\Roaming, CLI_BINPATH=C:\Program Files\Heroku\bin\\heroku.cmd, JAVA_EXE=C:\Program Files\Java\jdk1.8.0_91/bin/java.exe, VBOX_MSI_INSTALL_PATH=C:\Program Files\Oracle\VirtualBox\, CommonProgramFiles=C:\Program Files\Common Files, Path=C:\Program Files\Java\jre1.8.0_91\bin;C:\Program Files (x86)\NVIDIA Corporation\PhysX\Common;C:\ProgramData\Oracle\Java\javapath;C:\Program Files (x86)\Intel\iCLS Client\;C:\Program Files\Intel\iCLS Client\;C:\WINDOWS\system32;C:\WINDOWS;C:\WINDOWS\System32\Wbem;C:\WINDOWS\System32\WindowsPowerShell\v1.0\;C:\Program Files\Intel\Intel(R) Management Engine Components\DAL;C:\Program Files\Intel\Intel(R) Management Engine Components\IPT;C:\Program Files (x86)\Intel\Intel(R) Management Engine Components\DAL;C:\Program Files (x86)\Intel\Intel(R) Management Engine Components\IPT;C:\Program Files\Intel\WiFi\bin\;C:\Program Files\Common Files\Intel\WirelessCommon\;C:\Program Files\Microsoft\Web Platform Installer\;C:\Program Files\Microsoft SQL Server\110\Tools\Binn\;C:\Program Files\Microsoft SQL Server\120\Tools\Binn\;C:\Program Files\Java\jdk1.8.0_91\bin;C:\Program Files\Java\jre1.8.0_91;C:\apache-maven-3.3.9\bin;C:\Program Files\Git\cmd;C:\Program Files\nodejs\;C:\Program Files (x86)\Calibre2\;C:\Program Files (x86)\Skype\Phone\;C:\Users\Nicolas\Desktop\Allianz\maven\apache-maven-3.5.0\bin;C:\apache-maven-3.3.9\bin;C:\Program Files\PuTTY\;C:\Program Files\IDM Computer Solutions\UltraCompare;C:\Program Files\Cloud Foundry;C:\Program Files\MongoDB\Server\3.4\bin;C:\Users\Nicolas\AppData\Roaming\npm;C:\Program Files\Heroku\bin, OS=Windows_NT, COMPUTERNAME=BERTA, PROCESSOR_REVISION=4501, CLASSPATH=C:\Users\Nicolas\Desktop\SpringBootAppDemo\gs-spring-boot\complete\\gradle\wrapper\gradle-wrapper.jar, CommonProgramW6432=C:\Program Files\Common Files, ComSpec=C:\WINDOWS\system32\cmd.exe, APP_BASE_NAME=gradlew, MVEN_OPTS=-Xms256m -Xmx512m, SystemRoot=C:\WINDOWS, TEMP=C:\Users\Nicolas\AppData\Local\Temp, HOMEDRIVE=C:, USERPROFILE=C:\Users\Nicolas, TMP=C:\Users\Nicolas\AppData\Local\Temp, VS110COMNTOOLS=C:\Program Files (x86)\Microsoft Visual Studio 11.0\Common7\Tools\, CommonProgramFiles(x86)=C:\Program Files (x86)\Common Files, NUMBER_OF_PROCESSORS=4}}]
09:38:25.198 [Test worker] DEBUG org.springframework.test.context.support.TestPropertySourceUtils - Adding inlined properties to environment: {spring.jmx.enabled=false, org.springframework.boot.test.context.SpringBootTestContextBootstrapper=true, server.port=0}
09:38:25.199 [Test worker] DEBUG org.springframework.core.env.StandardEnvironment - Adding PropertySource 'Inlined Test Properties' with highest search precedence

  .   ____          _            __ _ _
 /\\ / ___'_ __ _ _(_)_ __  __ _ \ \ \ \
( ( )\___ | '_ | '_| | '_ \/ _` | \ \ \ \
 \\/  ___)| |_)| | | | | || (_| |  ) ) ) )
  '  |____| .__|_| |_|_| |_\__, | / / / /
 =========|_|==============|___/=/_/_/_/
 :: Spring Boot ::        (v1.5.7.RELEASE)

2017-11-23 09:38:25.506  INFO 7376 --- [    Test worker] hello.HelloControllerIT                  : Starting HelloControllerIT on Berta with PID 7376 (started by Nicolas in C:\Users\Nicolas\Desktop\SpringBootAppDemo\gs-spring-boot\complete)
2017-11-23 09:38:25.507  INFO 7376 --- [    Test worker] hello.HelloControllerIT                  : No active profile set, falling back to default profiles: default
2017-11-23 09:38:25.544  INFO 7376 --- [    Test worker] ationConfigEmbeddedWebApplicationContext : Refreshing org.springframework.boot.context.embedded.AnnotationConfigEmbeddedWebApplicationContext@685df74e: startup date [Thu Nov 23 09:38:25 CET 2017]; root of context hierarchy
2017-11-23 09:38:30.154  INFO 7376 --- [    Test worker] s.b.c.e.t.TomcatEmbeddedServletContainer : Tomcat initialized with port(s): 0 (http)
2017-11-23 09:38:30.165  INFO 7376 --- [    Test worker] o.apache.catalina.core.StandardService   : Starting service [Tomcat]
2017-11-23 09:38:30.167  INFO 7376 --- [    Test worker] org.apache.catalina.core.StandardEngine  : Starting Servlet Engine: Apache Tomcat/8.5.20
2017-11-23 09:38:30.322  INFO 7376 --- [ost-startStop-1] o.a.c.c.C.[Tomcat].[localhost].[/]       : Initializing Spring embedded WebApplicationContext
2017-11-23 09:38:30.322  INFO 7376 --- [ost-startStop-1] o.s.web.context.ContextLoader            : Root WebApplicationContext: initialization completed in 4782 ms
2017-11-23 09:38:30.587  INFO 7376 --- [ost-startStop-1] o.s.b.w.servlet.ServletRegistrationBean  : Mapping servlet: 'dispatcherServlet' to [/]
2017-11-23 09:38:30.592  INFO 7376 --- [ost-startStop-1] o.s.b.w.servlet.FilterRegistrationBean   : Mapping filter: 'metricsFilter' to: [/*]
2017-11-23 09:38:30.593  INFO 7376 --- [ost-startStop-1] o.s.b.w.servlet.FilterRegistrationBean   : Mapping filter: 'characterEncodingFilter' to: [/*]
2017-11-23 09:38:30.593  INFO 7376 --- [ost-startStop-1] o.s.b.w.servlet.FilterRegistrationBean   : Mapping filter: 'hiddenHttpMethodFilter' to: [/*]
2017-11-23 09:38:30.593  INFO 7376 --- [ost-startStop-1] o.s.b.w.servlet.FilterRegistrationBean   : Mapping filter: 'httpPutFormContentFilter' to: [/*]
2017-11-23 09:38:30.593  INFO 7376 --- [ost-startStop-1] o.s.b.w.servlet.FilterRegistrationBean   : Mapping filter: 'requestContextFilter' to: [/*]
2017-11-23 09:38:30.593  INFO 7376 --- [ost-startStop-1] o.s.b.w.servlet.FilterRegistrationBean   : Mapping filter: 'webRequestLoggingFilter' to: [/*]
2017-11-23 09:38:30.594  INFO 7376 --- [ost-startStop-1] o.s.b.w.servlet.FilterRegistrationBean   : Mapping filter: 'applicationContextIdFilter' to: [/*]
2017-11-23 09:38:31.065  INFO 7376 --- [    Test worker] s.w.s.m.m.a.RequestMappingHandlerAdapter : Looking for @ControllerAdvice: org.springframework.boot.context.embedded.AnnotationConfigEmbeddedWebApplicationContext@685df74e: startup date [Thu Nov 23 09:38:25 CET 2017]; root of context hierarchy
2017-11-23 09:38:31.142  INFO 7376 --- [    Test worker] s.w.s.m.m.a.RequestMappingHandlerMapping : Mapped "{[/]}" onto public java.lang.String hello.HelloController.index()
2017-11-23 09:38:31.146  INFO 7376 --- [    Test worker] s.w.s.m.m.a.RequestMappingHandlerMapping : Mapped "{[/error]}" onto public org.springframework.http.ResponseEntity<java.util.Map<java.lang.String, java.lang.Object>> org.springframework.boot.autoconfigure.web.BasicErrorController.error(javax.servlet.http.HttpServletRequest)
2017-11-23 09:38:31.146  INFO 7376 --- [    Test worker] s.w.s.m.m.a.RequestMappingHandlerMapping : Mapped "{[/error],produces=[text/html]}" onto public org.springframework.web.servlet.ModelAndView org.springframework.boot.autoconfigure.web.BasicErrorController.errorHtml(javax.servlet.http.HttpServletRequest,javax.servlet.http.HttpServletResponse)
2017-11-23 09:38:31.214  INFO 7376 --- [    Test worker] o.s.w.s.handler.SimpleUrlHandlerMapping  : Mapped URL path [/webjars/**] onto handler of type [class org.springframework.web.servlet.resource.ResourceHttpRequestHandler]
2017-11-23 09:38:31.215  INFO 7376 --- [    Test worker] o.s.w.s.handler.SimpleUrlHandlerMapping  : Mapped URL path [/**] onto handler of type [class org.springframework.web.servlet.resource.ResourceHttpRequestHandler]
2017-11-23 09:38:31.257  INFO 7376 --- [    Test worker] o.s.w.s.handler.SimpleUrlHandlerMapping  : Mapped URL path [/**/favicon.ico] onto handler of type [class org.springframework.web.servlet.resource.ResourceHttpRequestHandler]
2017-11-23 09:38:31.523  INFO 7376 --- [    Test worker] o.s.b.a.e.mvc.EndpointHandlerMapping     : Mapped "{[/env/{name:.*}],methods=[GET],produces=[application/vnd.spring-boot.actuator.v1+json || application/json]}" onto public java.lang.Object org.springframework.boot.actuate.endpoint.mvc.EnvironmentMvcEndpoint.value(java.lang.String)
2017-11-23 09:38:31.524  INFO 7376 --- [    Test worker] o.s.b.a.e.mvc.EndpointHandlerMapping     : Mapped "{[/env || /env.json],methods=[GET],produces=[application/vnd.spring-boot.actuator.v1+json || application/json]}" onto public java.lang.Object org.springframework.boot.actuate.endpoint.mvc.EndpointMvcAdapter.invoke()
2017-11-23 09:38:31.525  INFO 7376 --- [    Test worker] o.s.b.a.e.mvc.EndpointHandlerMapping     : Mapped "{[/health || /health.json],methods=[GET],produces=[application/vnd.spring-boot.actuator.v1+json || application/json]}" onto public java.lang.Object org.springframework.boot.actuate.endpoint.mvc.HealthMvcEndpoint.invoke(javax.servlet.http.HttpServletRequest,java.security.Principal)
2017-11-23 09:38:31.526  INFO 7376 --- [    Test worker] o.s.b.a.e.mvc.EndpointHandlerMapping     : Mapped "{[/info || /info.json],methods=[GET],produces=[application/vnd.spring-boot.actuator.v1+json || application/json]}" onto public java.lang.Object org.springframework.boot.actuate.endpoint.mvc.EndpointMvcAdapter.invoke()
2017-11-23 09:38:31.527  INFO 7376 --- [    Test worker] o.s.b.a.e.mvc.EndpointHandlerMapping     : Mapped "{[/configprops || /configprops.json],methods=[GET],produces=[application/vnd.spring-boot.actuator.v1+json || application/json]}" onto public java.lang.Object org.springframework.boot.actuate.endpoint.mvc.EndpointMvcAdapter.invoke()
2017-11-23 09:38:31.529  INFO 7376 --- [    Test worker] o.s.b.a.e.mvc.EndpointHandlerMapping     : Mapped "{[/dump || /dump.json],methods=[GET],produces=[application/vnd.spring-boot.actuator.v1+json || application/json]}" onto public java.lang.Object org.springframework.boot.actuate.endpoint.mvc.EndpointMvcAdapter.invoke()
2017-11-23 09:38:31.530  INFO 7376 --- [    Test worker] o.s.b.a.e.mvc.EndpointHandlerMapping     : Mapped "{[/heapdump || /heapdump.json],methods=[GET],produces=[application/octet-stream]}" onto public void org.springframework.boot.actuate.endpoint.mvc.HeapdumpMvcEndpoint.invoke(boolean,javax.servlet.http.HttpServletRequest,javax.servlet.http.HttpServletResponse) throws java.io.IOException,javax.servlet.ServletException
2017-11-23 09:38:31.535  INFO 7376 --- [    Test worker] o.s.b.a.e.mvc.EndpointHandlerMapping     : Mapped "{[/metrics/{name:.*}],methods=[GET],produces=[application/vnd.spring-boot.actuator.v1+json || application/json]}" onto public java.lang.Object org.springframework.boot.actuate.endpoint.mvc.MetricsMvcEndpoint.value(java.lang.String)
2017-11-23 09:38:31.536  INFO 7376 --- [    Test worker] o.s.b.a.e.mvc.EndpointHandlerMapping     : Mapped "{[/metrics || /metrics.json],methods=[GET],produces=[application/vnd.spring-boot.actuator.v1+json || application/json]}" onto public java.lang.Object org.springframework.boot.actuate.endpoint.mvc.EndpointMvcAdapter.invoke()
2017-11-23 09:38:31.540  INFO 7376 --- [    Test worker] o.s.b.a.e.mvc.EndpointHandlerMapping     : Mapped "{[/autoconfig || /autoconfig.json],methods=[GET],produces=[application/vnd.spring-boot.actuator.v1+json || application/json]}" onto public java.lang.Object org.springframework.boot.actuate.endpoint.mvc.EndpointMvcAdapter.invoke()
2017-11-23 09:38:31.542  INFO 7376 --- [    Test worker] o.s.b.a.e.mvc.EndpointHandlerMapping     : Mapped "{[/mappings || /mappings.json],methods=[GET],produces=[application/vnd.spring-boot.actuator.v1+json || application/json]}" onto public java.lang.Object org.springframework.boot.actuate.endpoint.mvc.EndpointMvcAdapter.invoke()
2017-11-23 09:38:31.543  INFO 7376 --- [    Test worker] o.s.b.a.e.mvc.EndpointHandlerMapping     : Mapped "{[/beans || /beans.json],methods=[GET],produces=[application/vnd.spring-boot.actuator.v1+json || application/json]}" onto public java.lang.Object org.springframework.boot.actuate.endpoint.mvc.EndpointMvcAdapter.invoke()
2017-11-23 09:38:31.544  INFO 7376 --- [    Test worker] o.s.b.a.e.mvc.EndpointHandlerMapping     : Mapped "{[/trace || /trace.json],methods=[GET],produces=[application/vnd.spring-boot.actuator.v1+json || application/json]}" onto public java.lang.Object org.springframework.boot.actuate.endpoint.mvc.EndpointMvcAdapter.invoke()
2017-11-23 09:38:31.546  INFO 7376 --- [    Test worker] o.s.b.a.e.mvc.EndpointHandlerMapping     : Mapped "{[/loggers/{name:.*}],methods=[GET],produces=[application/vnd.spring-boot.actuator.v1+json || application/json]}" onto public java.lang.Object org.springframework.boot.actuate.endpoint.mvc.LoggersMvcEndpoint.get(java.lang.String)
2017-11-23 09:38:31.550  INFO 7376 --- [    Test worker] o.s.b.a.e.mvc.EndpointHandlerMapping     : Mapped "{[/loggers/{name:.*}],methods=[POST],consumes=[application/vnd.spring-boot.actuator.v1+json || application/json],produces=[application/vnd.spring-boot.actuator.v1+json || application/json]}" onto public java.lang.Object org.springframework.boot.actuate.endpoint.mvc.LoggersMvcEndpoint.set(java.lang.String,java.util.Map<java.lang.String, java.lang.String>)
2017-11-23 09:38:31.551  INFO 7376 --- [    Test worker] o.s.b.a.e.mvc.EndpointHandlerMapping     : Mapped "{[/loggers || /loggers.json],methods=[GET],produces=[application/vnd.spring-boot.actuator.v1+json || application/json]}" onto public java.lang.Object org.springframework.boot.actuate.endpoint.mvc.EndpointMvcAdapter.invoke()
2017-11-23 09:38:31.553  INFO 7376 --- [    Test worker] o.s.b.a.e.mvc.EndpointHandlerMapping     : Mapped "{[/auditevents || /auditevents.json],methods=[GET],produces=[application/vnd.spring-boot.actuator.v1+json || application/json]}" onto public org.springframework.http.ResponseEntity<?> org.springframework.boot.actuate.endpoint.mvc.AuditEventsMvcEndpoint.findByPrincipalAndAfterAndType(java.lang.String,java.util.Date,java.lang.String)
2017-11-23 09:38:31.707  INFO 7376 --- [    Test worker] s.b.c.e.t.TomcatEmbeddedServletContainer : Tomcat started on port(s): 60442 (http)
Let's inspect the beans provided by Spring Boot:
actuatorMetricReader
application
applicationContextIdFilter
auditEventMvcEndpoint
auditEventRepository
auditListener
autoConfigurationReportEndpoint
basicErrorController
beanNameHandlerMapping
beanNameViewResolver
beansEndpoint
characterEncodingFilter
commandLineRunner
configurationPropertiesReportEndpoint
conventionErrorViewResolver
counterBuffers
counterService
defaultServletHandlerMapping
defaultValidator
defaultViewResolver
diskSpaceHealthIndicator
diskSpaceHealthIndicatorProperties
dispatcherServlet
dispatcherServletRegistration
dumpEndpoint
duplicateServerPropertiesDetector
embeddedServletContainerCustomizerBeanPostProcessor
endpointHandlerMapping
endpoints-org.springframework.boot.actuate.endpoint.EndpointProperties
endpoints.cors-org.springframework.boot.actuate.autoconfigure.EndpointCorsProperties
endpoints.health-org.springframework.boot.actuate.autoconfigure.HealthMvcEndpointProperties
endpoints.metrics.filter-org.springframework.boot.actuate.autoconfigure.MetricFilterProperties
envInfoContributor
environmentEndpoint
environmentMvcEndpoint
error
errorAttributes
errorPageCustomizer
errorPageRegistrarBeanPostProcessor
faviconHandlerMapping
faviconRequestHandler
gaugeBuffers
gaugeService
handlerExceptionResolver
healthAggregator
healthEndpoint
healthMvcEndpoint
heapdumpMvcEndpoint
helloController
hiddenHttpMethodFilter
httpPutFormContentFilter
httpRequestHandlerAdapter
infoEndpoint
jacksonObjectMapper
jacksonObjectMapperBuilder
jsonComponentModule
localeCharsetMappingsCustomizer
loggersEndpoint
loggersMvcEndpoint
management.health.status-org.springframework.boot.actuate.autoconfigure.HealthIndicatorProperties
management.info-org.springframework.boot.actuate.autoconfigure.InfoContributorProperties
management.trace-org.springframework.boot.actuate.trace.TraceProperties
managementContextResolver
managementServerProperties
managementServletContext
mappingJackson2HttpMessageConverter
messageConverters
methodValidationPostProcessor
metricReaderPublicMetrics
metricWritersMetricExporter
metricsEndpoint
metricsFilter
metricsMvcEndpoint
multipartConfigElement
multipartResolver
mvcContentNegotiationManager
mvcConversionService
mvcEndpoints
mvcPathMatcher
mvcResourceUrlProvider
mvcUriComponentsContributor
mvcUrlPathHelper
mvcValidator
mvcViewResolver
org.springframework.boot.actuate.autoconfigure.AuditAutoConfiguration
org.springframework.boot.actuate.autoconfigure.AuditAutoConfiguration$AuditEventRepositoryConfiguration
org.springframework.boot.actuate.autoconfigure.EndpointAutoConfiguration
org.springframework.boot.actuate.autoconfigure.EndpointAutoConfiguration$RequestMappingEndpointConfiguration
org.springframework.boot.actuate.autoconfigure.EndpointWebMvcAutoConfiguration
org.springframework.boot.actuate.autoconfigure.EndpointWebMvcAutoConfiguration$ApplicationContextFilterConfiguration
org.springframework.boot.actuate.autoconfigure.EndpointWebMvcAutoConfiguration$EndpointWebMvcConfiguration
org.springframework.boot.actuate.autoconfigure.EndpointWebMvcManagementContextConfiguration
org.springframework.boot.actuate.autoconfigure.HealthIndicatorAutoConfiguration
org.springframework.boot.actuate.autoconfigure.HealthIndicatorAutoConfiguration$DiskSpaceHealthIndicatorConfiguration
org.springframework.boot.actuate.autoconfigure.InfoContributorAutoConfiguration
org.springframework.boot.actuate.autoconfigure.ManagementServerPropertiesAutoConfiguration
org.springframework.boot.actuate.autoconfigure.MetricExportAutoConfiguration
org.springframework.boot.actuate.autoconfigure.MetricExportAutoConfiguration$MetricExportPropertiesConfiguration
org.springframework.boot.actuate.autoconfigure.MetricExportAutoConfiguration$StatsdConfiguration
org.springframework.boot.actuate.autoconfigure.MetricFilterAutoConfiguration
org.springframework.boot.actuate.autoconfigure.MetricRepositoryAutoConfiguration
org.springframework.boot.actuate.autoconfigure.MetricRepositoryAutoConfiguration$FastMetricServicesConfiguration
org.springframework.boot.actuate.autoconfigure.PublicMetricsAutoConfiguration
org.springframework.boot.actuate.autoconfigure.PublicMetricsAutoConfiguration$TomcatMetricsConfiguration
org.springframework.boot.actuate.autoconfigure.TraceRepositoryAutoConfiguration
org.springframework.boot.actuate.autoconfigure.TraceWebFilterAutoConfiguration
org.springframework.boot.autoconfigure.AutoConfigurationPackages
org.springframework.boot.autoconfigure.condition.BeanTypeRegistry
org.springframework.boot.autoconfigure.context.ConfigurationPropertiesAutoConfiguration
org.springframework.boot.autoconfigure.context.PropertyPlaceholderAutoConfiguration
org.springframework.boot.autoconfigure.info.ProjectInfoAutoConfiguration
org.springframework.boot.autoconfigure.internalCachingMetadataReaderFactory
org.springframework.boot.autoconfigure.jackson.JacksonAutoConfiguration
org.springframework.boot.autoconfigure.jackson.JacksonAutoConfiguration$Jackson2ObjectMapperBuilderCustomizerConfiguration
org.springframework.boot.autoconfigure.jackson.JacksonAutoConfiguration$JacksonObjectMapperBuilderConfiguration
org.springframework.boot.autoconfigure.jackson.JacksonAutoConfiguration$JacksonObjectMapperConfiguration
org.springframework.boot.autoconfigure.validation.ValidationAutoConfiguration
org.springframework.boot.autoconfigure.web.DispatcherServletAutoConfiguration
org.springframework.boot.autoconfigure.web.DispatcherServletAutoConfiguration$DispatcherServletConfiguration
org.springframework.boot.autoconfigure.web.DispatcherServletAutoConfiguration$DispatcherServletRegistrationConfiguration
org.springframework.boot.autoconfigure.web.EmbeddedServletContainerAutoConfiguration
org.springframework.boot.autoconfigure.web.EmbeddedServletContainerAutoConfiguration$EmbeddedTomcat
org.springframework.boot.autoconfigure.web.ErrorMvcAutoConfiguration
org.springframework.boot.autoconfigure.web.ErrorMvcAutoConfiguration$DefaultErrorViewResolverConfiguration
org.springframework.boot.autoconfigure.web.ErrorMvcAutoConfiguration$WhitelabelErrorViewConfiguration
org.springframework.boot.autoconfigure.web.HttpEncodingAutoConfiguration
org.springframework.boot.autoconfigure.web.HttpMessageConvertersAutoConfiguration
org.springframework.boot.autoconfigure.web.HttpMessageConvertersAutoConfiguration$StringHttpMessageConverterConfiguration
org.springframework.boot.autoconfigure.web.JacksonHttpMessageConvertersConfiguration
org.springframework.boot.autoconfigure.web.JacksonHttpMessageConvertersConfiguration$MappingJackson2HttpMessageConverterConfiguration
org.springframework.boot.autoconfigure.web.MultipartAutoConfiguration
org.springframework.boot.autoconfigure.web.ServerPropertiesAutoConfiguration
org.springframework.boot.autoconfigure.web.WebClientAutoConfiguration
org.springframework.boot.autoconfigure.web.WebClientAutoConfiguration$RestTemplateConfiguration
org.springframework.boot.autoconfigure.web.WebMvcAutoConfiguration
org.springframework.boot.autoconfigure.web.WebMvcAutoConfiguration$EnableWebMvcConfiguration
org.springframework.boot.autoconfigure.web.WebMvcAutoConfiguration$WebMvcAutoConfigurationAdapter
org.springframework.boot.autoconfigure.web.WebMvcAutoConfiguration$WebMvcAutoConfigurationAdapter$FaviconConfiguration
org.springframework.boot.autoconfigure.websocket.WebSocketAutoConfiguration
org.springframework.boot.autoconfigure.websocket.WebSocketAutoConfiguration$TomcatWebSocketConfiguration
org.springframework.boot.context.properties.ConfigurationPropertiesBindingPostProcessor
org.springframework.boot.context.properties.ConfigurationPropertiesBindingPostProcessor.store
org.springframework.boot.test.mock.mockito.MockitoPostProcessor
org.springframework.boot.test.mock.mockito.MockitoPostProcessor$SpyPostProcessor
org.springframework.boot.test.web.client.TestRestTemplate
org.springframework.context.annotation.internalAutowiredAnnotationProcessor
org.springframework.context.annotation.internalCommonAnnotationProcessor
org.springframework.context.annotation.internalConfigurationAnnotationProcessor
org.springframework.context.annotation.internalRequiredAnnotationProcessor
org.springframework.context.annotation.internalScheduledAnnotationProcessor
org.springframework.context.event.internalEventListenerFactory
org.springframework.context.event.internalEventListenerProcessor
org.springframework.scheduling.annotation.SchedulingConfiguration
preserveErrorControllerTargetClassPostProcessor
propertySourcesPlaceholderConfigurer
requestContextFilter
requestMappingEndpoint
requestMappingHandlerAdapter
requestMappingHandlerMapping
resourceHandlerMapping
restTemplateBuilder
serverProperties
shutdownEndpoint
simpleControllerHandlerAdapter
spring.http.encoding-org.springframework.boot.autoconfigure.web.HttpEncodingProperties
spring.http.multipart-org.springframework.boot.autoconfigure.web.MultipartProperties
spring.info-org.springframework.boot.autoconfigure.info.ProjectInfoProperties
spring.jackson-org.springframework.boot.autoconfigure.jackson.JacksonProperties
spring.metrics.export-org.springframework.boot.actuate.metrics.export.MetricExportProperties
spring.mvc-org.springframework.boot.autoconfigure.web.WebMvcProperties
spring.resources-org.springframework.boot.autoconfigure.web.ResourceProperties
standardJacksonObjectMapperBuilderCustomizer
stringHttpMessageConverter
systemPublicMetrics
tomcatEmbeddedServletContainerFactory
tomcatPublicMetrics
traceEndpoint
traceRepository
viewControllerHandlerMapping
viewResolver
webRequestLoggingFilter
websocketContainerCustomizer
welcomePageHandlerMapping
2017-11-23 09:38:31.719  INFO 7376 --- [    Test worker] hello.HelloControllerIT                  : Started HelloControllerIT in 6.517 seconds (JVM running for 7.601)
2017-11-23 09:38:31.912  INFO 7376 --- [o-auto-1-exec-1] o.a.c.c.C.[Tomcat].[localhost].[/]       : Initializing Spring FrameworkServlet 'dispatcherServlet'
2017-11-23 09:38:31.913  INFO 7376 --- [o-auto-1-exec-1] o.s.web.servlet.DispatcherServlet        : FrameworkServlet 'dispatcherServlet': initialization started
2017-11-23 09:38:31.932  INFO 7376 --- [o-auto-1-exec-1] o.s.web.servlet.DispatcherServlet        : FrameworkServlet 'dispatcherServlet': initialization completed in 19 ms
]]></system-out>
  <system-err><![CDATA[]]></system-err>
</testsuite>
